<?xml version="1.0" encoding="UTF-8"?>
<!-- Generated by org.testng.reporters.JUnitReportReporter -->
<testsuite hostname="DESKTOP-ICLD36V" failures="0" tests="1" name="paly_with_WebElement_WebDriver.Heroku_checkboxs" time="0.923" errors="0" timestamp="2024-06-30T21:30:31 IST" skipped="0">
  <testcase classname="paly_with_WebElement_WebDriver.Heroku_checkboxs" name="checkbox" time="0.923"/>
  <system-out/>
</testsuite> <!-- paly_with_WebElement_WebDriver.Heroku_checkboxs -->
