<?xml version="1.0" encoding="UTF-8"?>
<!-- Generated by org.testng.reporters.JUnitReportReporter -->
<testsuite hostname="DESKTOP-ICLD36V" failures="0" tests="2" name="paly_with_WebDriver.Alert_Popup" time="11.610" errors="0" timestamp="2024-07-02T00:05:34 IST" skipped="0">
  <testcase classname="paly_with_WebDriver.Alert_Popup" name="alrt" time="7.109"/>
  <system-out/>
  <testcase classname="paly_with_WebDriver.Alert_Popup" name="Visit_pop_up" time="4.501"/>
  <system-out/>
</testsuite> <!-- paly_with_WebDriver.Alert_Popup -->
