<?xml version="1.0" encoding="UTF-8"?>
<!-- Generated by org.testng.reporters.JUnitReportReporter -->
<testsuite hostname="DESKTOP-ICLD36V" failures="0" tests="1" name="paly_with_WebElement_WebDriver.form_auth" time="10.584" errors="0" timestamp="2024-07-01T23:38:57 IST" skipped="0">
  <testcase classname="paly_with_WebElement_WebDriver.form_auth" name="login" time="10.584"/>
  <system-out/>
</testsuite> <!-- paly_with_WebElement_WebDriver.form_auth -->
