<?xml version="1.0" encoding="UTF-8"?>
<!-- Generated by org.testng.reporters.JUnitReportReporter -->
<testsuite hostname="DESKTOP-ICLD36V" failures="0" tests="1" name="paly_with_WebElement_WebDriver.Heroku_add_remove" time="12.691" errors="0" timestamp="2024-07-01T23:42:00 IST" skipped="0">
  <testcase classname="paly_with_WebElement_WebDriver.Heroku_add_remove" name="add_remove" time="12.691"/>
  <system-out/>
</testsuite> <!-- paly_with_WebElement_WebDriver.Heroku_add_remove -->
