<?xml version="1.0" encoding="UTF-8"?>
<!-- Generated by org.testng.reporters.JUnitReportReporter -->
<testsuite hostname="DESKTOP-ICLD36V" failures="0" tests="1" name="paly_with_WebDriver.new_tab" time="8.891" errors="0" timestamp="2024-07-02T10:13:57 IST" skipped="0">
  <testcase classname="paly_with_WebDriver.new_tab" name="new_window" time="8.891"/>
  <system-out/>
</testsuite> <!-- paly_with_WebDriver.new_tab -->
