<?xml version="1.0" encoding="UTF-8"?>
<!-- Generated by org.testng.reporters.JUnitReportReporter -->
<testsuite hostname="DESKTOP-ICLD36V" failures="0" tests="1" name="paly_with_WebElement_WebDriver.Heroku" time="1.248" errors="0" timestamp="2024-06-30T21:04:51 IST" skipped="0">
  <testcase classname="paly_with_WebElement_WebDriver.Heroku" name="add_remove" time="1.248"/>
  <system-out/>
</testsuite> <!-- paly_with_WebElement_WebDriver.Heroku -->
